<?xml version="1.0" encoding="UTF-8"?>
<!-- Generated by org.testng.reporters.JUnitReportReporter -->
<testsuite hostname="DESKTOP-RAF73IE" failures="0" tests="1" name="testMethod.LoginTest" time="4.273" errors="0" timestamp="2023-07-13T00:10:17 ICT" skipped="0">
  <testcase classname="testMethod.LoginTest" name="createUserSuccess" time="4.273"/>
  <system-out/>
</testsuite> <!-- testMethod.LoginTest -->
