<?xml version="1.0" encoding="UTF-8"?>
<!-- Generated by org.testng.reporters.JUnitReportReporter -->
<testsuite hostname="DESKTOP-RAF73IE" failures="0" tests="2" name="testMethod.TestParallel" time="13.556" errors="0" timestamp="2023-07-13T00:08:28 ICT" skipped="0">
  <testcase classname="testMethod.TestParallel" name="loginTest" time="6.786"/>
  <system-out/>
  <testcase classname="testMethod.TestParallel" name="loginTest" time="6.770"/>
  <system-out/>
</testsuite> <!-- testMethod.TestParallel -->
